<?xml version="1.0" encoding="UTF-8"?>
<!-- Generated by org.testng.reporters.JUnitReportReporter -->
<testsuite skipped="0" hostname="L-BRZH71VFH0-M" name="com.walmart.oms.testing.picocontainer.PicoContainerTestNG" tests="1" failures="0" timestamp="18 Dec 2017 15:57:55 GMT" time="0.587" errors="0">
  <testcase name="feature" time="0.587" classname="com.walmart.oms.testing.picocontainer.PicoContainerTestNG"/>
</testsuite> <!-- com.walmart.oms.testing.picocontainer.PicoContainerTestNG -->
